<?xml version="1.0" encoding="UTF-8"?>
<!-- Generated by org.testng.reporters.JUnitReportReporter -->
<testsuite hostname="DESKTOP-QKHE2PN" failures="0" tests="1" name="testngassignments.TestNgAlert" time="4.636" errors="0" timestamp="2024-11-06T22:14:26 IST" skipped="0">
  <testcase classname="testngassignments.TestNgAlert" name="verifyAlert" time="4.636"/>
</testsuite> <!-- testngassignments.TestNgAlert -->
