<?xml version="1.0" encoding="UTF-8"?>
<!-- Generated by org.testng.reporters.JUnitReportReporter -->
<testsuite hostname="DESKTOP-QKHE2PN" failures="0" tests="3" name="testngassignments.TestNgWait" time="16.339" errors="0" timestamp="2024-11-06T22:00:15 IST" skipped="0">
  <testcase classname="testngassignments.TestNgWait" name="waitToDownload" time="11.822"/>
  <testcase classname="testngassignments.TestNgWait" name="verifyButtonColour" time="2.299"/>
  <testcase classname="testngassignments.TestNgWait" name="checkEnable" time="2.218"/>
</testsuite> <!-- testngassignments.TestNgWait -->
