<?xml version="1.0" encoding="UTF-8"?>
<!-- Generated by org.testng.reporters.JUnitReportReporter -->
<testsuite hostname="DESKTOP-QKHE2PN" failures="0" tests="3" name="testngassignments.TestNgRadio" time="7.930" errors="0" timestamp="2024-11-06T22:30:22 IST" skipped="0">
  <testcase classname="testngassignments.TestNgRadio" name="verifyButtonText" time="2.291"/>
  <testcase classname="testngassignments.TestNgRadio" name="verifyMaleRadiobtn" time="3.406"/>
  <testcase classname="testngassignments.TestNgRadio" name="verifyFemaleRadioBtn" time="2.233"/>
</testsuite> <!-- testngassignments.TestNgRadio -->
