<?xml version="1.0" encoding="UTF-8"?>
<!-- Generated by org.testng.reporters.JUnitReportReporter -->
<testsuite hostname="DESKTOP-QKHE2PN" failures="0" tests="2" name="testngbasics.CheckTestcase3" time="6.695" errors="0" timestamp="2024-11-08T08:15:02 IST" skipped="0">
  <testcase classname="testngbasics.CheckTestcase3" name="verifyButtontext" time="3.706"/>
  <testcase classname="testngbasics.CheckTestcase3" name="displayButton" time="2.989"/>
</testsuite> <!-- testngbasics.CheckTestcase3 -->
