<?xml version="1.0" encoding="UTF-8"?>
<!-- Generated by org.testng.reporters.JUnitReportReporter -->
<testsuite hostname="DESKTOP-QKHE2PN" failures="0" tests="3" name="testngassignments.TestngTooltip" time="7.391" errors="0" timestamp="2024-11-06T22:44:25 IST" skipped="0">
  <testcase classname="testngassignments.TestngTooltip" name="tooltipText" time="2.095"/>
  <testcase classname="testngassignments.TestngTooltip" name="tooltipFont" time="3.185"/>
  <testcase classname="testngassignments.TestngTooltip" name="textofButton" time="2.111"/>
</testsuite> <!-- testngassignments.TestngTooltip -->
