<?xml version="1.0" encoding="UTF-8"?>
<!-- Generated by org.testng.reporters.JUnitReportReporter -->
<testsuite hostname="DESKTOP-QKHE2PN" failures="0" tests="3" name="testngbasics.DataProviderExample" time="10.964" errors="0" timestamp="2024-11-07T08:17:01 IST" skipped="0">
  <testcase classname="testngbasics.DataProviderExample" name="loginPage" time="5.197"/>
  <testcase classname="testngbasics.DataProviderExample" name="loginPage" time="2.836"/>
  <testcase classname="testngbasics.DataProviderExample" name="loginPage" time="2.931"/>
</testsuite> <!-- testngbasics.DataProviderExample -->
