<?xml version="1.0" encoding="UTF-8"?>
<!-- Generated by org.testng.reporters.JUnitReportReporter -->
<testsuite hostname="DESKTOP-QKHE2PN" failures="0" tests="1" name="testngbasics.BasicAnnotations" time="0.060" errors="0" timestamp="2024-11-08T08:15:02 IST" skipped="0">
  <testcase classname="testngbasics.BasicAnnotations" name="test1" time="0.060"/>
</testsuite> <!-- testngbasics.BasicAnnotations -->
