<?xml version="1.0" encoding="UTF-8"?>
<!-- Generated by org.testng.reporters.JUnitReportReporter -->
<testsuite hostname="DESKTOP-QKHE2PN" failures="0" tests="4" name="testngassignments.TestNgBasic1" time="16.557" errors="0" timestamp="2024-11-06T07:09:49 IST" skipped="0">
  <testcase classname="testngassignments.TestNgBasic1" name="showmsgDisplay" time="3.242"/>
  <testcase classname="testngassignments.TestNgBasic1" name="verifyButtonText" time="6.356"/>
  <testcase classname="testngassignments.TestNgBasic1" name="verifyFemaleBtn" time="2.619"/>
  <testcase classname="testngassignments.TestNgBasic1" name="clickMale" time="4.340"/>
</testsuite> <!-- testngassignments.TestNgBasic1 -->
